# JRE version: OpenJDK Runtime Environment Temurin-21.0.11+10 (21.0.11+10) (build 21.0.11+10-LTS)
# Java VM: OpenJDK 64-Bit Server VM Temurin-21.0.11+10 (21.0.11+10-LTS, mixed mode, sharing, tiered, compressed oops, compressed class ptrs, parallel gc, windows-amd64)
GC Precious Log:
 CardTable entry size: 512
 CPUs: 4 total, 4 available
 Memory: 8066M
 Large Page Support: Disabled
 NUMA Support: Disabled
 Compressed Oops: Enabled (32-bit)
 Alignments: Space 512K, Generation 512K, Heap 2M
 Heap Min Capacity: 100M
 Heap Initial Capacity: 100M
 Heap Max Capacity: 2G
 Pre-touch: Disabled
 Parallel Workers: 4
Heap:
 PSYoungGen      total 16384K, used 2939K [0x00000000d5580000, 0x00000000d6f80000, 0x0000000100000000)
  eden space 14336K, 8% used [0x00000000d5580000,0x00000000d56a8c68,0x00000000d6380000)
  from space 2048K, 85% used [0x00000000d6780000,0x00000000d6936230,0x00000000d6980000)
  to   space 3072K, 0% used [0x00000000d6c80000,0x00000000d6c80000,0x00000000d6f80000)
 ParOldGen       total 742400K, used 610844K [0x0000000080000000, 0x00000000ad500000, 0x00000000d5580000)
  object space 742400K, 82% used [0x0000000080000000,0x00000000a5487300,0x00000000ad500000)
 Metaspace       used 88938K, committed 90624K, reserved 1179648K
  class space    used 9179K, committed 9920K, reserved 1048576K
GC Heap History (20 events):
Event: 8638.103 GC heap before
{Heap before GC invocations=1112 (full 4):
 PSYoungGen      total 11776K, used 11748K [0x00000000d5580000, 0x00000000d6680000, 0x0000000100000000)
  eden space 9216K, 100% used [0x00000000d5580000,0x00000000d5e80000,0x00000000d5e80000)
  from space 2560K, 98% used [0x00000000d5e80000,0x00000000d60f9120,0x00000000d6100000)
  to   space 4096K, 0% used [0x00000000d6280000,0x00000000d6280000,0x00000000d6680000)
 ParOldGen       total 742400K, used 578148K [0x0000000080000000, 0x00000000ad500000, 0x00000000d5580000)
  object space 742400K, 77% used [0x0000000080000000,0x00000000a3499020,0x00000000ad500000)
 Metaspace       used 88540K, committed 90176K, reserved 1179648K
  class space    used 9129K, committed 9920K, reserved 1048576K
}
Event: 8638.108 GC heap after
{Heap after GC invocations=1112 (full 4):
 PSYoungGen      total 11776K, used 2372K [0x00000000d5580000, 0x00000000d6500000, 0x0000000100000000)
  eden space 9216K, 0% used [0x00000000d5580000,0x00000000d5580000,0x00000000d5e80000)
  from space 2560K, 92% used [0x00000000d6280000,0x00000000d64d1120,0x00000000d6500000)
  to   space 3072K, 0% used [0x00000000d5f00000,0x00000000d5f00000,0x00000000d6200000)
 ParOldGen       total 742400K, used 578180K [0x0000000080000000, 0x00000000ad500000, 0x00000000d5580000)
  object space 742400K, 77% used [0x0000000080000000,0x00000000a34a1020,0x00000000ad500000)
 Metaspace       used 88540K, committed 90176K, reserved 1179648K
  class space    used 9129K, committed 9920K, reserved 1048576K
}
Event: 8638.167 GC heap before
{Heap before GC invocations=1113 (full 4):
 PSYoungGen      total 11776K, used 11588K [0x00000000d5580000, 0x00000000d6500000, 0x0000000100000000)
  eden space 9216K, 100% used [0x00000000d5580000,0x00000000d5e80000,0x00000000d5e80000)
  from space 2560K, 92% used [0x00000000d6280000,0x00000000d64d1120,0x00000000d6500000)
  to   space 3072K, 0% used [0x00000000d5f00000,0x00000000d5f00000,0x00000000d6200000)
 ParOldGen       total 742400K, used 578180K [0x0000000080000000, 0x00000000ad500000, 0x00000000d5580000)
  object space 742400K, 77% used [0x0000000080000000,0x00000000a34a1020,0x00000000ad500000)
 Metaspace       used 88540K, committed 90176K, reserved 1179648K
  class space    used 9129K, committed 9920K, reserved 1048576K
}
Event: 8638.171 GC heap after
{Heap after GC invocations=1113 (full 4):
 PSYoungGen      total 12288K, used 2959K [0x00000000d5580000, 0x00000000d6580000, 0x0000000100000000)
  eden space 9216K, 0% used [0x00000000d5580000,0x00000000d5580000,0x00000000d5e80000)
  from space 3072K, 96% used [0x00000000d5f00000,0x00000000d61e3f20,0x00000000d6200000)
  to   space 3584K, 0% used [0x00000000d6200000,0x00000000d6200000,0x00000000d6580000)
 ParOldGen       total 742400K, used 578304K [0x0000000080000000, 0x00000000ad500000, 0x00000000d5580000)
  object space 742400K, 77% used [0x0000000080000000,0x00000000a34c0220,0x00000000ad500000)
 Metaspace       used 88540K, committed 90176K, reserved 1179648K
  class space    used 9129K, committed 9920K, reserved 1048576K
}
Event: 8639.621 GC heap before
{Heap before GC invocations=1114 (full 4):
 PSYoungGen      total 12288K, used 12175K [0x00000000d5580000, 0x00000000d6580000, 0x0000000100000000)
  eden space 9216K, 100% used [0x00000000d5580000,0x00000000d5e80000,0x00000000d5e80000)
  from space 3072K, 96% used [0x00000000d5f00000,0x00000000d61e3f20,0x00000000d6200000)
  to   space 3584K, 0% used [0x00000000d6200000,0x00000000d6200000,0x00000000d6580000)
 ParOldGen       total 742400K, used 578304K [0x0000000080000000, 0x00000000ad500000, 0x00000000d5580000)
  object space 742400K, 77% used [0x0000000080000000,0x00000000a34c0220,0x00000000ad500000)
 Metaspace       used 88881K, committed 90496K, reserved 1179648K
  class space    used 9179K, committed 9920K, reserved 1048576K
}
Event: 8639.629 GC heap after
{Heap after GC invocations=1114 (full 4):
 PSYoungGen      total 9728K, used 208K [0x00000000d5580000, 0x00000000d6280000, 0x0000000100000000)
  eden space 9216K, 0% used [0x00000000d5580000,0x00000000d5580000,0x00000000d5e80000)
  from space 512K, 40% used [0x00000000d6200000,0x00000000d6234010,0x00000000d6280000)
  to   space 1536K, 0% used [0x00000000d5f80000,0x00000000d5f80000,0x00000000d6100000)
 ParOldGen       total 742400K, used 578528K [0x0000000080000000, 0x00000000ad500000, 0x00000000d5580000)
  object space 742400K, 77% used [0x0000000080000000,0x00000000a34f8220,0x00000000ad500000)
 Metaspace       used 88881K, committed 90496K, reserved 1179648K
  class space    used 9179K, committed 9920K, reserved 1048576K
}
Event: 8639.655 GC heap before
{Heap before GC invocations=1115 (full 4):
 PSYoungGen      total 9728K, used 9424K [0x00000000d5580000, 0x00000000d6280000, 0x0000000100000000)
  eden space 9216K, 100% used [0x00000000d5580000,0x00000000d5e80000,0x00000000d5e80000)
  from space 512K, 40% used [0x00000000d6200000,0x00000000d6234010,0x00000000d6280000)
  to   space 1536K, 0% used [0x00000000d5f80000,0x00000000d5f80000,0x00000000d6100000)
 ParOldGen       total 742400K, used 578528K [0x0000000080000000, 0x00000000ad500000, 0x00000000d5580000)
  object space 742400K, 77% used [0x0000000080000000,0x00000000a34f8220,0x00000000ad500000)
 Metaspace       used 88885K, committed 90496K, reserved 1179648K
  class space    used 9179K, committed 9920K, reserved 1048576K
}
Event: 8639.683 GC heap after
{Heap after GC invocations=1115 (full 4):
 PSYoungGen      total 10752K, used 1506K [0x00000000d5580000, 0x00000000d6a80000, 0x0000000100000000)
  eden space 9216K, 0% used [0x00000000d5580000,0x00000000d5580000,0x00000000d5e80000)
  from space 1536K, 98% used [0x00000000d5f80000,0x00000000d60f8890,0x00000000d6100000)
  to   space 6144K, 0% used [0x00000000d6480000,0x00000000d6480000,0x00000000d6a80000)
 ParOldGen       total 742400K, used 582132K [0x0000000080000000, 0x00000000ad500000, 0x00000000d5580000)
  object space 742400K, 78% used [0x0000000080000000,0x00000000a387d1e0,0x00000000ad500000)
 Metaspace       used 88885K, committed 90496K, reserved 1179648K
  class space    used 9179K, committed 9920K, reserved 1048576K
}
Event: 8644.882 GC heap before
{Heap before GC invocations=1116 (full 4):
 PSYoungGen      total 10752K, used 10722K [0x00000000d5580000, 0x00000000d6a80000, 0x0000000100000000)
  eden space 9216K, 100% used [0x00000000d5580000,0x00000000d5e80000,0x00000000d5e80000)
  from space 1536K, 98% used [0x00000000d5f80000,0x00000000d60f8890,0x00000000d6100000)
  to   space 6144K, 0% used [0x00000000d6480000,0x00000000d6480000,0x00000000d6a80000)
 ParOldGen       total 742400K, used 582132K [0x0000000080000000, 0x00000000ad500000, 0x00000000d5580000)
  object space 742400K, 78% used [0x0000000080000000,0x00000000a387d1e0,0x00000000ad500000)
 Metaspace       used 88904K, committed 90560K, reserved 1179648K
  class space    used 9179K, committed 9920K, reserved 1048576K
}
Event: 8644.892 GC heap after
{Heap after GC invocations=1116 (full 4):
 PSYoungGen      total 12800K, used 3531K [0x00000000d5580000, 0x00000000d6800000, 0x0000000100000000)
  eden space 9216K, 0% used [0x00000000d5580000,0x00000000d5580000,0x00000000d5e80000)
  from space 3584K, 98% used [0x00000000d6480000,0x00000000d67f2e18,0x00000000d6800000)
  to   space 4096K, 0% used [0x00000000d6000000,0x00000000d6000000,0x00000000d6400000)
 ParOldGen       total 742400K, used 582568K [0x0000000080000000, 0x00000000ad500000, 0x00000000d5580000)
  object space 742400K, 78% used [0x0000000080000000,0x00000000a38ea3e0,0x00000000ad500000)
 Metaspace       used 88904K, committed 90560K, reserved 1179648K
  class space    used 9179K, committed 9920K, reserved 1048576K
}
Event: 8644.957 GC heap before
{Heap before GC invocations=1117 (full 4):
 PSYoungGen      total 12800K, used 12747K [0x00000000d5580000, 0x00000000d6800000, 0x0000000100000000)
  eden space 9216K, 100% used [0x00000000d5580000,0x00000000d5e80000,0x00000000d5e80000)
  from space 3584K, 98% used [0x00000000d6480000,0x00000000d67f2e18,0x00000000d6800000)
  to   space 4096K, 0% used [0x00000000d6000000,0x00000000d6000000,0x00000000d6400000)
 ParOldGen       total 742400K, used 582568K [0x0000000080000000, 0x00000000ad500000, 0x00000000d5580000)
  object space 742400K, 78% used [0x0000000080000000,0x00000000a38ea3e0,0x00000000ad500000)
 Metaspace       used 88904K, committed 90560K, reserved 1179648K
  class space    used 9179K, committed 9920K, reserved 1048576K
}
Event: 8645.024 GC heap after
{Heap after GC invocations=1117 (full 4):
 PSYoungGen      total 14848K, used 4084K [0x00000000d5580000, 0x00000000d7c80000, 0x0000000100000000)
  eden space 10752K, 0% used [0x00000000d5580000,0x00000000d5580000,0x00000000d6000000)
  from space 4096K, 99% used [0x00000000d6000000,0x00000000d63fd048,0x00000000d6400000)
  to   space 14336K, 0% used [0x00000000d6e80000,0x00000000d6e80000,0x00000000d7c80000)
 ParOldGen       total 742400K, used 590912K [0x0000000080000000, 0x00000000ad500000, 0x00000000d5580000)
  object space 742400K, 79% used [0x0000000080000000,0x00000000a4110270,0x00000000ad500000)
 Metaspace       used 88904K, committed 90560K, reserved 1179648K
  class space    used 9179K, committed 9920K, reserved 1048576K
}
Event: 8645.138 GC heap before
{Heap before GC invocations=1118 (full 4):
 PSYoungGen      total 14848K, used 14831K [0x00000000d5580000, 0x00000000d7c80000, 0x0000000100000000)
  eden space 10752K, 99% used [0x00000000d5580000,0x00000000d5ffebe0,0x00000000d6000000)
  from space 4096K, 99% used [0x00000000d6000000,0x00000000d63fd048,0x00000000d6400000)
  to   space 14336K, 0% used [0x00000000d6e80000,0x00000000d6e80000,0x00000000d7c80000)
 ParOldGen       total 742400K, used 590912K [0x0000000080000000, 0x00000000ad500000, 0x00000000d5580000)
  object space 742400K, 79% used [0x0000000080000000,0x00000000a4110270,0x00000000ad500000)
 Metaspace       used 88905K, committed 90560K, reserved 1179648K
  class space    used 9179K, committed 9920K, reserved 1048576K
}
Event: 8645.168 GC heap after
{Heap after GC invocations=1118 (full 4):
 PSYoungGen      total 21504K, used 8087K [0x00000000d5580000, 0x00000000d7680000, 0x0000000100000000)
  eden space 13312K, 0% used [0x00000000d5580000,0x00000000d5580000,0x00000000d6280000)
  from space 8192K, 98% used [0x00000000d6e80000,0x00000000d7665d18,0x00000000d7680000)
  to   space 9728K, 0% used [0x00000000d6380000,0x00000000d6380000,0x00000000d6d00000)
 ParOldGen       total 742400K, used 595034K [0x0000000080000000, 0x00000000ad500000, 0x00000000d5580000)
  object space 742400K, 80% used [0x0000000080000000,0x00000000a4516bc0,0x00000000ad500000)
 Metaspace       used 88905K, committed 90560K, reserved 1179648K
  class space    used 9179K, committed 9920K, reserved 1048576K
}
Event: 8645.333 GC heap before
{Heap before GC invocations=1119 (full 4):
 PSYoungGen      total 21504K, used 21361K [0x00000000d5580000, 0x00000000d7680000, 0x0000000100000000)
  eden space 13312K, 99% used [0x00000000d5580000,0x00000000d62769f8,0x00000000d6280000)
  from space 8192K, 98% used [0x00000000d6e80000,0x00000000d7665d18,0x00000000d7680000)
  to   space 9728K, 0% used [0x00000000d6380000,0x00000000d6380000,0x00000000d6d00000)
 ParOldGen       total 742400K, used 595034K [0x0000000080000000, 0x00000000ad500000, 0x00000000d5580000)
  object space 742400K, 80% used [0x0000000080000000,0x00000000a4516bc0,0x00000000ad500000)
 Metaspace       used 88912K, committed 90560K, reserved 1179648K
  class space    used 9179K, committed 9920K, reserved 1048576K
}
Event: 8645.380 GC heap after
{Heap after GC invocations=1119 (full 4):
 PSYoungGen      total 24064K, used 9017K [0x00000000d5580000, 0x00000000d7880000, 0x0000000100000000)
  eden space 14336K, 0% used [0x00000000d5580000,0x00000000d5580000,0x00000000d6380000)
  from space 9728K, 92% used [0x00000000d6380000,0x00000000d6c4e720,0x00000000d6d00000)
  to   space 9728K, 0% used [0x00000000d6f00000,0x00000000d6f00000,0x00000000d7880000)
 ParOldGen       total 742400K, used 600498K [0x0000000080000000, 0x00000000ad500000, 0x00000000d5580000)
  object space 742400K, 80% used [0x0000000080000000,0x00000000a4a6cbc0,0x00000000ad500000)
 Metaspace       used 88912K, committed 90560K, reserved 1179648K
  class space    used 9179K, committed 9920K, reserved 1048576K
}
Event: 11737.187 GC heap before
{Heap before GC invocations=1120 (full 4):
 PSYoungGen      total 24064K, used 23046K [0x00000000d5580000, 0x00000000d7880000, 0x0000000100000000)
  eden space 14336K, 97% used [0x00000000d5580000,0x00000000d63333b0,0x00000000d6380000)
  from space 9728K, 92% used [0x00000000d6380000,0x00000000d6c4e720,0x00000000d6d00000)
  to   space 9728K, 0% used [0x00000000d6f00000,0x00000000d6f00000,0x00000000d7880000)
 ParOldGen       total 742400K, used 600498K [0x0000000080000000, 0x00000000ad500000, 0x00000000d5580000)
  object space 742400K, 80% used [0x0000000080000000,0x00000000a4a6cbc0,0x00000000ad500000)
 Metaspace       used 88920K, committed 90560K, reserved 1179648K
  class space    used 9179K, committed 9920K, reserved 1048576K
}
Event: 11737.585 GC heap after
{Heap after GC invocations=1120 (full 4):
 PSYoungGen      total 17920K, used 3324K [0x00000000d5580000, 0x00000000d7280000, 0x0000000100000000)
  eden space 14336K, 0% used [0x00000000d5580000,0x00000000d5580000,0x00000000d6380000)
  from space 3584K, 92% used [0x00000000d6f00000,0x00000000d723f208,0x00000000d7280000)
  to   space 5632K, 0% used [0x00000000d6780000,0x00000000d6780000,0x00000000d6d00000)
 ParOldGen       total 742400K, used 609036K [0x0000000080000000, 0x00000000ad500000, 0x00000000d5580000)
  object space 742400K, 82% used [0x0000000080000000,0x00000000a52c32e0,0x00000000ad500000)
 Metaspace       used 88920K, committed 90560K, reserved 1179648K
  class space    used 9179K, committed 9920K, reserved 1048576K
}
Event: 11740.374 GC heap before
{Heap before GC invocations=1121 (full 4):
 PSYoungGen      total 17920K, used 17660K [0x00000000d5580000, 0x00000000d7280000, 0x0000000100000000)
  eden space 14336K, 100% used [0x00000000d5580000,0x00000000d6380000,0x00000000d6380000)
  from space 3584K, 92% used [0x00000000d6f00000,0x00000000d723f208,0x00000000d7280000)
  to   space 5632K, 0% used [0x00000000d6780000,0x00000000d6780000,0x00000000d6d00000)
 ParOldGen       total 742400K, used 609036K [0x0000000080000000, 0x00000000ad500000, 0x00000000d5580000)
  object space 742400K, 82% used [0x0000000080000000,0x00000000a52c32e0,0x00000000ad500000)
 Metaspace       used 88938K, committed 90624K, reserved 1179648K
  class space    used 9179K, committed 9920K, reserved 1048576K
}
Event: 11740.392 GC heap after
{Heap after GC invocations=1121 (full 4):
 PSYoungGen      total 16384K, used 1752K [0x00000000d5580000, 0x00000000d6f80000, 0x0000000100000000)
  eden space 14336K, 0% used [0x00000000d5580000,0x00000000d5580000,0x00000000d6380000)
  from space 2048K, 85% used [0x00000000d6780000,0x00000000d6936230,0x00000000d6980000)
  to   space 3072K, 0% used [0x00000000d6c80000,0x00000000d6c80000,0x00000000d6f80000)
 ParOldGen       total 742400K, used 610844K [0x0000000080000000, 0x00000000ad500000, 0x00000000d5580000)
  object space 742400K, 82% used [0x0000000080000000,0x00000000a5487300,0x00000000ad500000)
 Metaspace       used 88938K, committed 90624K, reserved 1179648K
  class space    used 9179K, committed 9920K, reserved 1048576K
}

